==============================================================================
Suites                                                                        
==============================================================================
Suites.Registration Page1 :: Automating register page_1                       
==============================================================================
Testcase_1                                                            | PASS |
------------------------------------------------------------------------------
Testcase2_                                                            | PASS |
------------------------------------------------------------------------------
Testcase_3                                                            | PASS |
------------------------------------------------------------------------------
Testcase_4                                                            | PASS |
------------------------------------------------------------------------------
Testcase_5                                                            | PASS |
------------------------------------------------------------------------------
Testcase_6                                                            | PASS |
------------------------------------------------------------------------------
Testcase_7                                                            | PASS |
------------------------------------------------------------------------------
Testcase_8                                                            | PASS |
------------------------------------------------------------------------------
Suites.Registration Page1 :: Automating register page_1               | PASS |
8 tests, 8 passed, 0 failed
==============================================================================
Suites                                                                | PASS |
8 tests, 8 passed, 0 failed
==============================================================================
Output:  C:\Users\Chandan KO-2979\PycharmProjects\POM\Framework\register_result\pabot_results\0\output.xml
