==============================================================================
Suites                                                                        
==============================================================================
Suites.Registration Page2 :: Automating register page_2                       
==============================================================================
Testcase_1                                                            | PASS |
------------------------------------------------------------------------------
Testcase_2                                                            | PASS |
------------------------------------------------------------------------------
Testcase_3                                                            | PASS |
------------------------------------------------------------------------------
Testcase_4                                                            | PASS |
------------------------------------------------------------------------------
Testcase_5                                                            | PASS |
------------------------------------------------------------------------------
Testcase_6                                                            | PASS |
------------------------------------------------------------------------------
Testcase_7                                                            | PASS |
------------------------------------------------------------------------------
Suites.Registration Page2 :: Automating register page_2               | PASS |
7 tests, 7 passed, 0 failed
==============================================================================
Suites                                                                | PASS |
7 tests, 7 passed, 0 failed
==============================================================================
Output:  C:\Users\Chandan KO-2979\PycharmProjects\POM\Framework\register_result\pabot_results\1\output.xml
